2025-11-14 20:41:48,102 - manager ERROR    MainProcess: Every
2025-11-14 20:42:43,008 - manager ERROR    MainProcess: Every
2025-11-14 21:23:45,683 - db_tools.runner WARNING  MainProcess: haha
2025-11-14 21:24:17,908 - db_tools.manager WARNING  MainProcess: Initialized manager for 44
2025-11-14 21:24:30,571 - db_tools.manager WARNING  MainProcess: Initialized manager for 44
2025-11-14 21:29:21,056 - root WARNING  MainProcess: h
2025-11-14 21:45:42,618 - db_tools.manager ERROR    MainProcess: j2
2025-11-14 21:45:42,631 - db_tools.manager ERROR    MainProcess: Initialized manager for 44
2025-11-14 21:45:42,632 - db_tools.manager ERROR    MainProcess: KKKKK
2025-11-15 18:00:23,696 - db_tools.manager ERROR    MainProcess: j2
2025-11-15 18:00:23,734 - db_tools.manager ERROR    MainProcess: Initialized manager for 44
2025-11-15 18:04:44,388 - db_tools.manager ERROR    MainProcess: mco_ufba - Failed: 'DBConnectionRunner' object has no attribute 'engines'
2025-11-15 18:04:44,389 - db_tools.manager ERROR    MainProcess: hubfs_ufpa - Failed: 'DBConnectionRunner' object has no attribute 'engines'
2025-11-15 18:04:44,389 - db_tools.manager ERROR    MainProcess: hucam_ufes - Failed: 'DBConnectionRunner' object has no attribute 'engines'
2025-11-15 18:04:44,389 - db_tools.manager ERROR    MainProcess: hupes_ufba - Failed: 'DBConnectionRunner' object has no attribute 'engines'
2025-11-15 18:04:44,389 - db_tools.manager ERROR    MainProcess: hugg_unirio - Failed: 'DBConnectionRunner' object has no attribute 'engines'
2025-11-15 18:04:44,389 - db_tools.manager ERROR    MainProcess: hu_ufs - Failed: 'DBConnectionRunner' object has no attribute 'engines'
2025-11-15 18:04:44,389 - db_tools.manager ERROR    MainProcess: hu_ufscar - Failed: 'DBConnectionRunner' object has no attribute 'engines'
2025-11-15 18:04:44,390 - db_tools.manager ERROR    MainProcess: hucff_ufrj - Failed: 'DBConnectionRunner' object has no attribute 'engines'
2025-11-15 18:04:44,390 - db_tools.manager ERROR    MainProcess: huac_ufcg - Failed: 'DBConnectionRunner' object has no attribute 'engines'
2025-11-15 18:04:44,390 - db_tools.manager ERROR    MainProcess: meac_ufc - Failed: 'DBConnectionRunner' object has no attribute 'engines'
2025-11-15 18:04:44,390 - db_tools.manager ERROR    MainProcess: hu_ufsc - Failed: 'DBConnectionRunner' object has no attribute 'engines'
2025-11-15 18:04:44,390 - db_tools.manager ERROR    MainProcess: hulw_ufpb - Failed: 'DBConnectionRunner' object has no attribute 'engines'
2025-11-15 18:04:44,390 - db_tools.manager ERROR    MainProcess: hc_ufg - Failed: 'DBConnectionRunner' object has no attribute 'engines'
2025-11-15 18:04:44,390 - db_tools.manager ERROR    MainProcess: hub_unb - Failed: 'DBConnectionRunner' object has no attribute 'engines'
2025-11-15 18:04:44,390 - db_tools.manager ERROR    MainProcess: hul_ufs - Failed: 'DBConnectionRunner' object has no attribute 'engines'
2025-11-15 18:04:44,390 - db_tools.manager ERROR    MainProcess: ippmg_ufrj - Failed: 'DBConnectionRunner' object has no attribute 'engines'
2025-11-15 18:04:44,390 - db_tools.manager ERROR    MainProcess: hu_furg - Failed: 'DBConnectionRunner' object has no attribute 'engines'
2025-11-15 18:04:44,390 - db_tools.manager ERROR    MainProcess: hu_ufpi - Failed: 'DBConnectionRunner' object has no attribute 'engines'
2025-11-15 18:04:44,390 - db_tools.manager ERROR    MainProcess: huab_ufrn - Failed: 'DBConnectionRunner' object has no attribute 'engines'
2025-11-15 18:04:44,391 - db_tools.manager ERROR    MainProcess: hujb_ufcg - Failed: 'DBConnectionRunner' object has no attribute 'engines'
2025-11-15 18:04:44,391 - db_tools.manager ERROR    MainProcess: hc_ufpr - Failed: 'DBConnectionRunner' object has no attribute 'engines'
2025-11-15 18:04:44,391 - db_tools.manager ERROR    MainProcess: me_ufrj - Failed: 'DBConnectionRunner' object has no attribute 'engines'
2025-11-15 18:04:44,391 - db_tools.manager ERROR    MainProcess: hdt_uft - Failed: 'DBConnectionRunner' object has no attribute 'engines'
2025-11-15 18:04:44,391 - db_tools.manager ERROR    MainProcess: hc_uftm - Failed: 'DBConnectionRunner' object has no attribute 'engines'
2025-11-15 18:04:44,391 - db_tools.manager ERROR    MainProcess: hu_ufrr - Failed: 'DBConnectionRunner' object has no attribute 'engines'
2025-11-15 18:04:44,391 - db_tools.manager ERROR    MainProcess: hujbb_ufpa - Failed: 'DBConnectionRunner' object has no attribute 'engines'
2025-11-15 18:04:44,391 - db_tools.manager ERROR    MainProcess: huwc_ufc - Failed: 'DBConnectionRunner' object has no attribute 'engines'
2025-11-15 18:04:44,391 - db_tools.manager ERROR    MainProcess: hugv_ufam - Failed: 'DBConnectionRunner' object has no attribute 'engines'
2025-11-15 18:04:44,391 - db_tools.manager ERROR    MainProcess: husm_ufsm - Failed: 'DBConnectionRunner' object has no attribute 'engines'
2025-11-15 18:04:44,391 - db_tools.manager ERROR    MainProcess: he_ufpel - Failed: 'DBConnectionRunner' object has no attribute 'engines'
2025-11-15 18:04:44,391 - db_tools.manager ERROR    MainProcess: hc_ufu - Failed: 'DBConnectionRunner' object has no attribute 'engines'
2025-11-15 18:04:44,391 - db_tools.manager ERROR    MainProcess: hc_ufmg - Failed: 'DBConnectionRunner' object has no attribute 'engines'
2025-11-15 18:04:44,391 - db_tools.manager ERROR    MainProcess: hujm_ufmt - Failed: 'DBConnectionRunner' object has no attribute 'engines'
2025-11-15 18:04:44,392 - db_tools.manager ERROR    MainProcess: hu_ufjf - Failed: 'DBConnectionRunner' object has no attribute 'engines'
2025-11-15 18:04:44,392 - db_tools.manager ERROR    MainProcess: huol_ufrn - Failed: 'DBConnectionRunner' object has no attribute 'engines'
2025-11-15 18:04:44,392 - db_tools.manager ERROR    MainProcess: hu_univasf - Failed: 'DBConnectionRunner' object has no attribute 'engines'
2025-11-15 18:04:44,392 - db_tools.manager ERROR    MainProcess: hu_ufgd - Failed: 'DBConnectionRunner' object has no attribute 'engines'
2025-11-15 18:04:44,392 - db_tools.manager ERROR    MainProcess: huap_uff - Failed: 'DBConnectionRunner' object has no attribute 'engines'
2025-11-15 18:04:44,392 - db_tools.manager ERROR    MainProcess: hu_unifap - Failed: 'DBConnectionRunner' object has no attribute 'engines'
2025-11-15 18:04:44,392 - db_tools.manager ERROR    MainProcess: hu_ufma - Failed: 'DBConnectionRunner' object has no attribute 'engines'
2025-11-15 18:04:44,392 - db_tools.manager ERROR    MainProcess: mejc_ufrn - Failed: 'DBConnectionRunner' object has no attribute 'engines'
2025-11-15 18:04:44,392 - db_tools.manager ERROR    MainProcess: humap_ufms - Failed: 'DBConnectionRunner' object has no attribute 'engines'
2025-11-15 18:04:44,392 - db_tools.manager ERROR    MainProcess: hupaa_ufal - Failed: 'DBConnectionRunner' object has no attribute 'engines'
2025-11-15 18:04:44,392 - db_tools.manager ERROR    MainProcess: hc_ufpe - Failed: 'DBConnectionRunner' object has no attribute 'engines'
2025-11-15 18:04:44,393 - db_tools.manager ERROR    MainProcess: mco_ufba - Failed: 'DBConnectionRunner' object has no attribute 'engines'
2025-11-15 18:04:44,393 - db_tools.manager ERROR    MainProcess: hubfs_ufpa - Failed: 'DBConnectionRunner' object has no attribute 'engines'
2025-11-15 18:04:44,394 - db_tools.manager ERROR    MainProcess: hucam_ufes - Failed: 'DBConnectionRunner' object has no attribute 'engines'
2025-11-15 18:04:44,394 - db_tools.manager ERROR    MainProcess: hupes_ufba - Failed: 'DBConnectionRunner' object has no attribute 'engines'
2025-11-15 18:04:44,394 - db_tools.manager ERROR    MainProcess: hugg_unirio - Failed: 'DBConnectionRunner' object has no attribute 'engines'
2025-11-15 18:04:44,395 - db_tools.manager ERROR    MainProcess: hu_ufs - Failed: 'DBConnectionRunner' object has no attribute 'engines'
2025-11-15 18:04:44,395 - db_tools.manager ERROR    MainProcess: hu_ufscar - Failed: 'DBConnectionRunner' object has no attribute 'engines'
2025-11-15 18:04:44,396 - db_tools.manager ERROR    MainProcess: huac_ufcg - Failed: 'DBConnectionRunner' object has no attribute 'engines'
2025-11-15 18:04:44,396 - db_tools.manager ERROR    MainProcess: hucff_ufrj - Failed: 'DBConnectionRunner' object has no attribute 'engines'
2025-11-15 18:04:44,396 - db_tools.manager ERROR    MainProcess: meac_ufc - Failed: 'DBConnectionRunner' object has no attribute 'engines'
2025-11-15 18:04:44,396 - db_tools.manager ERROR    MainProcess: hu_ufsc - Failed: 'DBConnectionRunner' object has no attribute 'engines'
2025-11-15 18:04:44,397 - db_tools.manager ERROR    MainProcess: hulw_ufpb - Failed: 'DBConnectionRunner' object has no attribute 'engines'
2025-11-15 18:04:44,397 - db_tools.manager ERROR    MainProcess: hc_ufg - Failed: 'DBConnectionRunner' object has no attribute 'engines'
2025-11-15 18:04:44,397 - db_tools.manager ERROR    MainProcess: hub_unb - Failed: 'DBConnectionRunner' object has no attribute 'engines'
2025-11-15 18:04:44,397 - db_tools.manager ERROR    MainProcess: hul_ufs - Failed: 'DBConnectionRunner' object has no attribute 'engines'
2025-11-15 18:04:44,398 - db_tools.manager ERROR    MainProcess: ippmg_ufrj - Failed: 'DBConnectionRunner' object has no attribute 'engines'
2025-11-15 18:04:44,398 - db_tools.manager ERROR    MainProcess: hu_furg - Failed: 'DBConnectionRunner' object has no attribute 'engines'
2025-11-15 18:04:44,399 - db_tools.manager ERROR    MainProcess: hu_ufpi - Failed: 'DBConnectionRunner' object has no attribute 'engines'
2025-11-15 18:04:44,399 - db_tools.manager ERROR    MainProcess: huab_ufrn - Failed: 'DBConnectionRunner' object has no attribute 'engines'
2025-11-15 18:04:44,399 - db_tools.manager ERROR    MainProcess: hujb_ufcg - Failed: 'DBConnectionRunner' object has no attribute 'engines'
2025-11-15 18:04:44,400 - db_tools.manager ERROR    MainProcess: hc_ufpr - Failed: 'DBConnectionRunner' object has no attribute 'engines'
2025-11-15 18:04:44,400 - db_tools.manager ERROR    MainProcess: me_ufrj - Failed: 'DBConnectionRunner' object has no attribute 'engines'
2025-11-15 18:04:44,400 - db_tools.manager ERROR    MainProcess: hdt_uft - Failed: 'DBConnectionRunner' object has no attribute 'engines'
2025-11-15 18:04:44,401 - db_tools.manager ERROR    MainProcess: hc_uftm - Failed: 'DBConnectionRunner' object has no attribute 'engines'
2025-11-15 18:04:44,401 - db_tools.manager ERROR    MainProcess: hu_ufrr - Failed: 'DBConnectionRunner' object has no attribute 'engines'
2025-11-15 18:04:44,402 - db_tools.manager ERROR    MainProcess: hujbb_ufpa - Failed: 'DBConnectionRunner' object has no attribute 'engines'
2025-11-15 18:04:44,402 - db_tools.manager ERROR    MainProcess: huwc_ufc - Failed: 'DBConnectionRunner' object has no attribute 'engines'
2025-11-15 18:04:44,403 - db_tools.manager ERROR    MainProcess: hugv_ufam - Failed: 'DBConnectionRunner' object has no attribute 'engines'
2025-11-15 18:04:44,403 - db_tools.manager ERROR    MainProcess: husm_ufsm - Failed: 'DBConnectionRunner' object has no attribute 'engines'
2025-11-15 18:04:44,404 - db_tools.manager ERROR    MainProcess: he_ufpel - Failed: 'DBConnectionRunner' object has no attribute 'engines'
2025-11-15 18:04:44,404 - db_tools.manager ERROR    MainProcess: hc_ufu - Failed: 'DBConnectionRunner' object has no attribute 'engines'
2025-11-15 18:04:44,404 - db_tools.manager ERROR    MainProcess: hc_ufmg - Failed: 'DBConnectionRunner' object has no attribute 'engines'
2025-11-15 18:04:44,405 - db_tools.manager ERROR    MainProcess: hujm_ufmt - Failed: 'DBConnectionRunner' object has no attribute 'engines'
2025-11-15 18:04:44,405 - db_tools.manager ERROR    MainProcess: hu_ufjf - Failed: 'DBConnectionRunner' object has no attribute 'engines'
2025-11-15 18:04:44,406 - db_tools.manager ERROR    MainProcess: huol_ufrn - Failed: 'DBConnectionRunner' object has no attribute 'engines'
2025-11-15 18:04:44,406 - db_tools.manager ERROR    MainProcess: hu_univasf - Failed: 'DBConnectionRunner' object has no attribute 'engines'
2025-11-15 18:04:44,406 - db_tools.manager ERROR    MainProcess: hu_ufgd - Failed: 'DBConnectionRunner' object has no attribute 'engines'
2025-11-15 18:04:44,407 - db_tools.manager ERROR    MainProcess: huap_uff - Failed: 'DBConnectionRunner' object has no attribute 'engines'
2025-11-15 18:04:44,407 - db_tools.manager ERROR    MainProcess: hu_unifap - Failed: 'DBConnectionRunner' object has no attribute 'engines'
2025-11-15 18:04:44,407 - db_tools.manager ERROR    MainProcess: hu_ufma - Failed: 'DBConnectionRunner' object has no attribute 'engines'
2025-11-15 18:04:44,408 - db_tools.manager ERROR    MainProcess: mejc_ufrn - Failed: 'DBConnectionRunner' object has no attribute 'engines'
2025-11-15 18:04:44,409 - db_tools.manager ERROR    MainProcess: humap_ufms - Failed: 'DBConnectionRunner' object has no attribute 'engines'
2025-11-15 18:04:44,410 - db_tools.manager ERROR    MainProcess: hupaa_ufal - Failed: 'DBConnectionRunner' object has no attribute 'engines'
2025-11-15 18:04:44,410 - db_tools.manager ERROR    MainProcess: hc_ufpe - Failed: 'DBConnectionRunner' object has no attribute 'engines'
2025-11-15 18:08:55,052 - db_tools.manager ERROR    MainProcess: mco_ufba - Failed: (psycopg2.OperationalError) connection to server at "172.17.86.100", port 6544 failed: No route to host
	Is the server running on that host and accepting TCP/IP connections?

(Background on this error at: https://sqlalche.me/e/20/e3q8)
2025-11-15 18:08:55,054 - db_tools.manager ERROR    MainProcess: hubfs_ufpa - Failed: (psycopg2.OperationalError) connection to server at "10.80.1.21", port 6544 failed: Network is unreachable
	Is the server running on that host and accepting TCP/IP connections?

(Background on this error at: https://sqlalche.me/e/20/e3q8)
2025-11-15 18:08:55,056 - db_tools.manager ERROR    MainProcess: hucam_ufes - Failed: (psycopg2.OperationalError) connection to server at "10.5.17.248", port 6544 failed: Network is unreachable
	Is the server running on that host and accepting TCP/IP connections?

(Background on this error at: https://sqlalche.me/e/20/e3q8)
2025-11-15 18:08:55,057 - db_tools.manager ERROR    MainProcess: hupes_ufba - Failed: (psycopg2.OperationalError) connection to server at "10.14.0.52", port 6544 failed: Network is unreachable
	Is the server running on that host and accepting TCP/IP connections?

(Background on this error at: https://sqlalche.me/e/20/e3q8)
2025-11-15 18:08:58,122 - db_tools.manager ERROR    MainProcess: hugg_unirio - Failed: (psycopg2.OperationalError) connection to server at "172.17.86.103", port 6544 failed: No route to host
	Is the server running on that host and accepting TCP/IP connections?

(Background on this error at: https://sqlalche.me/e/20/e3q8)
2025-11-15 18:08:58,124 - db_tools.manager ERROR    MainProcess: hu_ufs - Failed: (psycopg2.OperationalError) connection to server at "10.20.17.16", port 6544 failed: Network is unreachable
	Is the server running on that host and accepting TCP/IP connections?

(Background on this error at: https://sqlalche.me/e/20/e3q8)
2025-11-15 18:08:58,126 - db_tools.manager ERROR    MainProcess: hu_ufscar - Failed: (psycopg2.OperationalError) connection to server at "10.90.12.43", port 6544 failed: Network is unreachable
	Is the server running on that host and accepting TCP/IP connections?

(Background on this error at: https://sqlalche.me/e/20/e3q8)
2025-11-15 18:08:58,127 - db_tools.manager ERROR    MainProcess: hucff_ufrj - Failed: (psycopg2.OperationalError) connection to server at "10.141.0.120", port 5432 failed: Network is unreachable
	Is the server running on that host and accepting TCP/IP connections?

(Background on this error at: https://sqlalche.me/e/20/e3q8)
2025-11-15 18:08:58,128 - db_tools.manager ERROR    MainProcess: huac_ufcg - Failed: (psycopg2.OperationalError) connection to server at "10.64.2.163", port 6544 failed: Network is unreachable
	Is the server running on that host and accepting TCP/IP connections?

(Background on this error at: https://sqlalche.me/e/20/e3q8)
2025-11-15 18:08:58,128 - db_tools.manager ERROR    MainProcess: meac_ufc - Failed: (psycopg2.OperationalError) connection to server at "10.28.1.73", port 6544 failed: Network is unreachable
	Is the server running on that host and accepting TCP/IP connections?

(Background on this error at: https://sqlalche.me/e/20/e3q8)
2025-11-15 18:08:58,128 - db_tools.manager ERROR    MainProcess: hu_ufsc - Failed: (psycopg2.OperationalError) connection to server at "10.94.61.162", port 6544 failed: Network is unreachable
	Is the server running on that host and accepting TCP/IP connections?

(Background on this error at: https://sqlalche.me/e/20/e3q8)
2025-11-15 18:08:58,129 - db_tools.manager ERROR    MainProcess: hulw_ufpb - Failed: (psycopg2.OperationalError) connection to server at "10.40.2.44", port 6544 failed: Network is unreachable
	Is the server running on that host and accepting TCP/IP connections?

(Background on this error at: https://sqlalche.me/e/20/e3q8)
2025-11-15 18:08:58,129 - db_tools.manager ERROR    MainProcess: hc_ufg - Failed: (psycopg2.OperationalError) connection to server at "10.50.0.47", port 6544 failed: Network is unreachable
	Is the server running on that host and accepting TCP/IP connections?

(Background on this error at: https://sqlalche.me/e/20/e3q8)
2025-11-15 18:08:58,130 - db_tools.manager ERROR    MainProcess: hub_unb - Failed: (psycopg2.OperationalError) connection to server at "10.6.0.151", port 6544 failed: Network is unreachable
	Is the server running on that host and accepting TCP/IP connections?

(Background on this error at: https://sqlalche.me/e/20/e3q8)
2025-11-15 18:08:58,131 - db_tools.manager ERROR    MainProcess: hul_ufs - Failed: (psycopg2.OperationalError) connection to server at "10.8.3.122", port 6544 failed: Network is unreachable
	Is the server running on that host and accepting TCP/IP connections?

(Background on this error at: https://sqlalche.me/e/20/e3q8)
2025-11-15 18:08:58,132 - db_tools.manager ERROR    MainProcess: ippmg_ufrj - Failed: (psycopg2.OperationalError) connection to server at "10.142.0.246", port 5432 failed: Network is unreachable
	Is the server running on that host and accepting TCP/IP connections?

(Background on this error at: https://sqlalche.me/e/20/e3q8)
2025-11-15 18:08:58,133 - db_tools.manager ERROR    MainProcess: hu_furg - Failed: (psycopg2.OperationalError) connection to server at "10.132.128.61", port 6544 failed: Network is unreachable
	Is the server running on that host and accepting TCP/IP connections?

(Background on this error at: https://sqlalche.me/e/20/e3q8)
2025-11-15 18:08:58,134 - db_tools.manager ERROR    MainProcess: hu_ufpi - Failed: (psycopg2.OperationalError) connection to server at "10.52.92.10", port 6544 failed: Network is unreachable
	Is the server running on that host and accepting TCP/IP connections?

(Background on this error at: https://sqlalche.me/e/20/e3q8)
2025-11-15 18:08:58,136 - db_tools.manager ERROR    MainProcess: huab_ufrn - Failed: (psycopg2.OperationalError) connection to server at "10.30.2.15", port 6544 failed: Network is unreachable
	Is the server running on that host and accepting TCP/IP connections?

(Background on this error at: https://sqlalche.me/e/20/e3q8)
2025-11-15 18:08:58,137 - db_tools.manager ERROR    MainProcess: hujb_ufcg - Failed: (psycopg2.OperationalError) connection to server at "10.66.1.12", port 6544 failed: Network is unreachable
	Is the server running on that host and accepting TCP/IP connections?

(Background on this error at: https://sqlalche.me/e/20/e3q8)
2025-11-15 18:08:58,137 - db_tools.manager ERROR    MainProcess: hc_ufpr - Failed: (psycopg2.OperationalError) connection to server at "10.58.0.73", port 5432 failed: Network is unreachable
	Is the server running on that host and accepting TCP/IP connections?

(Background on this error at: https://sqlalche.me/e/20/e3q8)
2025-11-15 18:08:58,138 - db_tools.manager ERROR    MainProcess: me_ufrj - Failed: (psycopg2.OperationalError) connection to server at "10.143.0.29", port 5432 failed: Network is unreachable
	Is the server running on that host and accepting TCP/IP connections?

(Background on this error at: https://sqlalche.me/e/20/e3q8)
2025-11-15 18:08:58,139 - db_tools.manager ERROR    MainProcess: hdt_uft - Failed: (psycopg2.OperationalError) connection to server at "10.98.0.100", port 6544 failed: Network is unreachable
	Is the server running on that host and accepting TCP/IP connections?

(Background on this error at: https://sqlalche.me/e/20/e3q8)
2025-11-15 18:08:58,139 - db_tools.manager ERROR    MainProcess: hc_uftm - Failed: (psycopg2.OperationalError) connection to server at "10.4.8.14", port 6544 failed: Network is unreachable
	Is the server running on that host and accepting TCP/IP connections?

(Background on this error at: https://sqlalche.me/e/20/e3q8)
2025-11-15 18:08:58,140 - db_tools.manager ERROR    MainProcess: hu_ufrr - Failed: (psycopg2.OperationalError) connection to server at "10.72.0.29", port 5432 failed: Network is unreachable
	Is the server running on that host and accepting TCP/IP connections?

(Background on this error at: https://sqlalche.me/e/20/e3q8)
2025-11-15 18:08:58,140 - db_tools.manager ERROR    MainProcess: hujbb_ufpa - Failed: (psycopg2.OperationalError) connection to server at "10.206.3.130", port 6544 failed: Network is unreachable
	Is the server running on that host and accepting TCP/IP connections?

(Background on this error at: https://sqlalche.me/e/20/e3q8)
2025-11-15 18:08:58,140 - db_tools.manager ERROR    MainProcess: huwc_ufc - Failed: (psycopg2.OperationalError) connection to server at "10.28.1.53", port 6544 failed: Network is unreachable
	Is the server running on that host and accepting TCP/IP connections?

(Background on this error at: https://sqlalche.me/e/20/e3q8)
2025-11-15 18:08:58,141 - db_tools.manager ERROR    MainProcess: hugv_ufam - Failed: (psycopg2.OperationalError) connection to server at "10.53.2.214", port 5432 failed: Network is unreachable
	Is the server running on that host and accepting TCP/IP connections?

(Background on this error at: https://sqlalche.me/e/20/e3q8)
2025-11-15 18:08:58,141 - db_tools.manager ERROR    MainProcess: husm_ufsm - Failed: (psycopg2.OperationalError) connection to server at "10.60.1.21", port 6544 failed: Network is unreachable
	Is the server running on that host and accepting TCP/IP connections?

(Background on this error at: https://sqlalche.me/e/20/e3q8)
2025-11-15 18:08:58,142 - db_tools.manager ERROR    MainProcess: he_ufpel - Failed: (psycopg2.OperationalError) connection to server at "10.100.1.21", port 6544 failed: Network is unreachable
	Is the server running on that host and accepting TCP/IP connections?

(Background on this error at: https://sqlalche.me/e/20/e3q8)
2025-11-15 18:08:58,142 - db_tools.manager ERROR    MainProcess: hc_ufu - Failed: (psycopg2.OperationalError) connection to server at "10.92.1.19", port 6544 failed: Network is unreachable
	Is the server running on that host and accepting TCP/IP connections?

(Background on this error at: https://sqlalche.me/e/20/e3q8)
2025-11-15 18:08:58,142 - db_tools.manager ERROR    MainProcess: hc_ufmg - Failed: (psycopg2.OperationalError) connection to server at "10.36.2.7", port 6544 failed: Network is unreachable
	Is the server running on that host and accepting TCP/IP connections?

(Background on this error at: https://sqlalche.me/e/20/e3q8)
2025-11-15 18:08:58,143 - db_tools.manager ERROR    MainProcess: hujm_ufmt - Failed: (psycopg2.OperationalError) connection to server at "10.24.17.127", port 6544 failed: Network is unreachable
	Is the server running on that host and accepting TCP/IP connections?

(Background on this error at: https://sqlalche.me/e/20/e3q8)
2025-11-15 18:09:01,194 - db_tools.manager ERROR    MainProcess: hu_ufjf - Failed: (psycopg2.OperationalError) connection to server at "172.17.86.105", port 6544 failed: No route to host
	Is the server running on that host and accepting TCP/IP connections?

(Background on this error at: https://sqlalche.me/e/20/e3q8)
2025-11-15 18:09:01,195 - db_tools.manager ERROR    MainProcess: huol_ufrn - Failed: (psycopg2.OperationalError) connection to server at "10.26.1.234", port 6544 failed: Network is unreachable
	Is the server running on that host and accepting TCP/IP connections?

(Background on this error at: https://sqlalche.me/e/20/e3q8)
2025-11-15 18:09:01,196 - db_tools.manager ERROR    MainProcess: hu_univasf - Failed: (psycopg2.OperationalError) connection to server at "10.44.2.183", port 6544 failed: Network is unreachable
	Is the server running on that host and accepting TCP/IP connections?

(Background on this error at: https://sqlalche.me/e/20/e3q8)
2025-11-15 18:09:01,197 - db_tools.manager ERROR    MainProcess: hu_ufgd - Failed: (psycopg2.OperationalError) connection to server at "10.18.0.34", port 6544 failed: Network is unreachable
	Is the server running on that host and accepting TCP/IP connections?

(Background on this error at: https://sqlalche.me/e/20/e3q8)
2025-11-15 18:09:01,198 - db_tools.manager ERROR    MainProcess: huap_uff - Failed: (psycopg2.OperationalError) connection to server at "10.88.1.245", port 6544 failed: Network is unreachable
	Is the server running on that host and accepting TCP/IP connections?

(Background on this error at: https://sqlalche.me/e/20/e3q8)
2025-11-15 18:09:04,267 - db_tools.manager ERROR    MainProcess: hu_unifap - Failed: (psycopg2.OperationalError) connection to server at "172.17.83.14", port 6544 failed: No route to host
	Is the server running on that host and accepting TCP/IP connections?

(Background on this error at: https://sqlalche.me/e/20/e3q8)
2025-11-15 18:09:04,268 - db_tools.manager ERROR    MainProcess: hu_ufma - Failed: (psycopg2.OperationalError) connection to server at "10.16.1.21", port 6544 failed: Network is unreachable
	Is the server running on that host and accepting TCP/IP connections?

(Background on this error at: https://sqlalche.me/e/20/e3q8)
2025-11-15 18:09:04,270 - db_tools.manager ERROR    MainProcess: mejc_ufrn - Failed: (psycopg2.OperationalError) connection to server at "10.12.1.68", port 6544 failed: Network is unreachable
	Is the server running on that host and accepting TCP/IP connections?

(Background on this error at: https://sqlalche.me/e/20/e3q8)
2025-11-15 18:09:04,271 - db_tools.manager ERROR    MainProcess: humap_ufms - Failed: (psycopg2.OperationalError) connection to server at "10.42.1.13", port 6544 failed: Network is unreachable
	Is the server running on that host and accepting TCP/IP connections?

(Background on this error at: https://sqlalche.me/e/20/e3q8)
2025-11-15 18:09:04,271 - db_tools.manager ERROR    MainProcess: hupaa_ufal - Failed: (psycopg2.OperationalError) connection to server at "10.46.0.79", port 6544 failed: Network is unreachable
	Is the server running on that host and accepting TCP/IP connections?

(Background on this error at: https://sqlalche.me/e/20/e3q8)
2025-11-15 18:09:04,272 - db_tools.manager ERROR    MainProcess: hc_ufpe - Failed: (psycopg2.OperationalError) connection to server at "10.34.0.63", port 6544 failed: Network is unreachable
	Is the server running on that host and accepting TCP/IP connections?

(Background on this error at: https://sqlalche.me/e/20/e3q8)
2025-11-15 18:09:04,276 - db_tools.manager ERROR    MainProcess: hubfs_ufpa - Failed: (psycopg2.OperationalError) connection to server at "10.80.1.21", port 6544 failed: Network is unreachable
	Is the server running on that host and accepting TCP/IP connections?

(Background on this error at: https://sqlalche.me/e/20/e3q8)
2025-11-15 18:09:04,278 - db_tools.manager ERROR    MainProcess: hucam_ufes - Failed: (psycopg2.OperationalError) connection to server at "10.5.17.248", port 6544 failed: Network is unreachable
	Is the server running on that host and accepting TCP/IP connections?

(Background on this error at: https://sqlalche.me/e/20/e3q8)
2025-11-15 18:09:04,279 - db_tools.manager ERROR    MainProcess: hupes_ufba - Failed: (psycopg2.OperationalError) connection to server at "10.14.0.52", port 6544 failed: Network is unreachable
	Is the server running on that host and accepting TCP/IP connections?

(Background on this error at: https://sqlalche.me/e/20/e3q8)
2025-11-15 18:09:04,284 - db_tools.manager ERROR    MainProcess: hu_ufscar - Failed: (psycopg2.OperationalError) connection to server at "10.90.12.43", port 6544 failed: Network is unreachable
	Is the server running on that host and accepting TCP/IP connections?

(Background on this error at: https://sqlalche.me/e/20/e3q8)
2025-11-15 18:09:04,284 - db_tools.manager ERROR    MainProcess: hu_ufs - Failed: (psycopg2.OperationalError) connection to server at "10.20.17.16", port 6544 failed: Network is unreachable
	Is the server running on that host and accepting TCP/IP connections?

(Background on this error at: https://sqlalche.me/e/20/e3q8)
2025-11-15 18:09:04,285 - db_tools.manager ERROR    MainProcess: hucff_ufrj - Failed: (psycopg2.OperationalError) connection to server at "10.141.0.120", port 5432 failed: Network is unreachable
	Is the server running on that host and accepting TCP/IP connections?

(Background on this error at: https://sqlalche.me/e/20/e3q8)
2025-11-15 18:09:04,288 - db_tools.manager ERROR    MainProcess: meac_ufc - Failed: (psycopg2.OperationalError) connection to server at "10.28.1.73", port 6544 failed: Network is unreachable
	Is the server running on that host and accepting TCP/IP connections?

(Background on this error at: https://sqlalche.me/e/20/e3q8)
2025-11-15 18:09:04,288 - db_tools.manager ERROR    MainProcess: hu_ufsc - Failed: (psycopg2.OperationalError) connection to server at "10.94.61.162", port 6544 failed: Network is unreachable
	Is the server running on that host and accepting TCP/IP connections?

(Background on this error at: https://sqlalche.me/e/20/e3q8)
2025-11-15 18:09:04,289 - db_tools.manager ERROR    MainProcess: huac_ufcg - Failed: (psycopg2.OperationalError) connection to server at "10.64.2.163", port 6544 failed: Network is unreachable
	Is the server running on that host and accepting TCP/IP connections?

(Background on this error at: https://sqlalche.me/e/20/e3q8)
2025-11-15 18:09:04,290 - db_tools.manager ERROR    MainProcess: hulw_ufpb - Failed: (psycopg2.OperationalError) connection to server at "10.40.2.44", port 6544 failed: Network is unreachable
	Is the server running on that host and accepting TCP/IP connections?

(Background on this error at: https://sqlalche.me/e/20/e3q8)
2025-11-15 18:09:04,290 - db_tools.manager ERROR    MainProcess: hc_ufg - Failed: (psycopg2.OperationalError) connection to server at "10.50.0.47", port 6544 failed: Network is unreachable
	Is the server running on that host and accepting TCP/IP connections?

(Background on this error at: https://sqlalche.me/e/20/e3q8)
2025-11-15 18:09:04,291 - db_tools.manager ERROR    MainProcess: hub_unb - Failed: (psycopg2.OperationalError) connection to server at "10.6.0.151", port 6544 failed: Network is unreachable
	Is the server running on that host and accepting TCP/IP connections?

(Background on this error at: https://sqlalche.me/e/20/e3q8)
2025-11-15 18:09:04,291 - db_tools.manager ERROR    MainProcess: hul_ufs - Failed: (psycopg2.OperationalError) connection to server at "10.8.3.122", port 6544 failed: Network is unreachable
	Is the server running on that host and accepting TCP/IP connections?

(Background on this error at: https://sqlalche.me/e/20/e3q8)
2025-11-15 18:09:04,291 - db_tools.manager ERROR    MainProcess: ippmg_ufrj - Failed: (psycopg2.OperationalError) connection to server at "10.142.0.246", port 5432 failed: Network is unreachable
	Is the server running on that host and accepting TCP/IP connections?

(Background on this error at: https://sqlalche.me/e/20/e3q8)
2025-11-15 18:09:04,292 - db_tools.manager ERROR    MainProcess: hu_furg - Failed: (psycopg2.OperationalError) connection to server at "10.132.128.61", port 6544 failed: Network is unreachable
	Is the server running on that host and accepting TCP/IP connections?

(Background on this error at: https://sqlalche.me/e/20/e3q8)
2025-11-15 18:09:04,293 - db_tools.manager ERROR    MainProcess: hu_ufpi - Failed: (psycopg2.OperationalError) connection to server at "10.52.92.10", port 6544 failed: Network is unreachable
	Is the server running on that host and accepting TCP/IP connections?

(Background on this error at: https://sqlalche.me/e/20/e3q8)
2025-11-15 18:09:04,294 - db_tools.manager ERROR    MainProcess: huab_ufrn - Failed: (psycopg2.OperationalError) connection to server at "10.30.2.15", port 6544 failed: Network is unreachable
	Is the server running on that host and accepting TCP/IP connections?

(Background on this error at: https://sqlalche.me/e/20/e3q8)
2025-11-15 18:09:04,294 - db_tools.manager ERROR    MainProcess: hujb_ufcg - Failed: (psycopg2.OperationalError) connection to server at "10.66.1.12", port 6544 failed: Network is unreachable
	Is the server running on that host and accepting TCP/IP connections?

(Background on this error at: https://sqlalche.me/e/20/e3q8)
2025-11-15 18:09:04,295 - db_tools.manager ERROR    MainProcess: hc_ufpr - Failed: (psycopg2.OperationalError) connection to server at "10.58.0.73", port 5432 failed: Network is unreachable
	Is the server running on that host and accepting TCP/IP connections?

(Background on this error at: https://sqlalche.me/e/20/e3q8)
2025-11-15 18:09:04,295 - db_tools.manager ERROR    MainProcess: me_ufrj - Failed: (psycopg2.OperationalError) connection to server at "10.143.0.29", port 5432 failed: Network is unreachable
	Is the server running on that host and accepting TCP/IP connections?

(Background on this error at: https://sqlalche.me/e/20/e3q8)
2025-11-15 18:09:04,296 - db_tools.manager ERROR    MainProcess: hdt_uft - Failed: (psycopg2.OperationalError) connection to server at "10.98.0.100", port 6544 failed: Network is unreachable
	Is the server running on that host and accepting TCP/IP connections?

(Background on this error at: https://sqlalche.me/e/20/e3q8)
2025-11-15 18:09:04,296 - db_tools.manager ERROR    MainProcess: hc_uftm - Failed: (psycopg2.OperationalError) connection to server at "10.4.8.14", port 6544 failed: Network is unreachable
	Is the server running on that host and accepting TCP/IP connections?

(Background on this error at: https://sqlalche.me/e/20/e3q8)
2025-11-15 18:09:04,297 - db_tools.manager ERROR    MainProcess: hu_ufrr - Failed: (psycopg2.OperationalError) connection to server at "10.72.0.29", port 5432 failed: Network is unreachable
	Is the server running on that host and accepting TCP/IP connections?

(Background on this error at: https://sqlalche.me/e/20/e3q8)
2025-11-15 18:09:04,297 - db_tools.manager ERROR    MainProcess: hujbb_ufpa - Failed: (psycopg2.OperationalError) connection to server at "10.206.3.130", port 6544 failed: Network is unreachable
	Is the server running on that host and accepting TCP/IP connections?

(Background on this error at: https://sqlalche.me/e/20/e3q8)
2025-11-15 18:09:04,298 - db_tools.manager ERROR    MainProcess: huwc_ufc - Failed: (psycopg2.OperationalError) connection to server at "10.28.1.53", port 6544 failed: Network is unreachable
	Is the server running on that host and accepting TCP/IP connections?

(Background on this error at: https://sqlalche.me/e/20/e3q8)
2025-11-15 18:09:04,298 - db_tools.manager ERROR    MainProcess: hugv_ufam - Failed: (psycopg2.OperationalError) connection to server at "10.53.2.214", port 5432 failed: Network is unreachable
	Is the server running on that host and accepting TCP/IP connections?

(Background on this error at: https://sqlalche.me/e/20/e3q8)
2025-11-15 18:09:04,299 - db_tools.manager ERROR    MainProcess: husm_ufsm - Failed: (psycopg2.OperationalError) connection to server at "10.60.1.21", port 6544 failed: Network is unreachable
	Is the server running on that host and accepting TCP/IP connections?

(Background on this error at: https://sqlalche.me/e/20/e3q8)
2025-11-15 18:09:04,299 - db_tools.manager ERROR    MainProcess: he_ufpel - Failed: (psycopg2.OperationalError) connection to server at "10.100.1.21", port 6544 failed: Network is unreachable
	Is the server running on that host and accepting TCP/IP connections?

(Background on this error at: https://sqlalche.me/e/20/e3q8)
2025-11-15 18:09:04,300 - db_tools.manager ERROR    MainProcess: hc_ufu - Failed: (psycopg2.OperationalError) connection to server at "10.92.1.19", port 6544 failed: Network is unreachable
	Is the server running on that host and accepting TCP/IP connections?

(Background on this error at: https://sqlalche.me/e/20/e3q8)
2025-11-15 18:09:04,300 - db_tools.manager ERROR    MainProcess: hc_ufmg - Failed: (psycopg2.OperationalError) connection to server at "10.36.2.7", port 6544 failed: Network is unreachable
	Is the server running on that host and accepting TCP/IP connections?

(Background on this error at: https://sqlalche.me/e/20/e3q8)
2025-11-15 18:09:04,301 - db_tools.manager ERROR    MainProcess: hujm_ufmt - Failed: (psycopg2.OperationalError) connection to server at "10.24.17.127", port 6544 failed: Network is unreachable
	Is the server running on that host and accepting TCP/IP connections?

(Background on this error at: https://sqlalche.me/e/20/e3q8)
2025-11-15 18:09:04,302 - db_tools.manager ERROR    MainProcess: huol_ufrn - Failed: (psycopg2.OperationalError) connection to server at "10.26.1.234", port 6544 failed: Network is unreachable
	Is the server running on that host and accepting TCP/IP connections?

(Background on this error at: https://sqlalche.me/e/20/e3q8)
2025-11-15 18:09:04,305 - db_tools.manager ERROR    MainProcess: hu_univasf - Failed: (psycopg2.OperationalError) connection to server at "10.44.2.183", port 6544 failed: Network is unreachable
	Is the server running on that host and accepting TCP/IP connections?

(Background on this error at: https://sqlalche.me/e/20/e3q8)
2025-11-15 18:09:04,305 - db_tools.manager ERROR    MainProcess: hu_ufgd - Failed: (psycopg2.OperationalError) connection to server at "10.18.0.34", port 6544 failed: Network is unreachable
	Is the server running on that host and accepting TCP/IP connections?

(Background on this error at: https://sqlalche.me/e/20/e3q8)
2025-11-15 18:09:04,306 - db_tools.manager ERROR    MainProcess: huap_uff - Failed: (psycopg2.OperationalError) connection to server at "10.88.1.245", port 6544 failed: Network is unreachable
	Is the server running on that host and accepting TCP/IP connections?

(Background on this error at: https://sqlalche.me/e/20/e3q8)
2025-11-15 18:09:04,307 - db_tools.manager ERROR    MainProcess: hu_ufma - Failed: (psycopg2.OperationalError) connection to server at "10.16.1.21", port 6544 failed: Network is unreachable
	Is the server running on that host and accepting TCP/IP connections?

(Background on this error at: https://sqlalche.me/e/20/e3q8)
2025-11-15 18:09:04,308 - db_tools.manager ERROR    MainProcess: mejc_ufrn - Failed: (psycopg2.OperationalError) connection to server at "10.12.1.68", port 6544 failed: Network is unreachable
	Is the server running on that host and accepting TCP/IP connections?

(Background on this error at: https://sqlalche.me/e/20/e3q8)
2025-11-15 18:09:04,310 - db_tools.manager ERROR    MainProcess: humap_ufms - Failed: (psycopg2.OperationalError) connection to server at "10.42.1.13", port 6544 failed: Network is unreachable
	Is the server running on that host and accepting TCP/IP connections?

(Background on this error at: https://sqlalche.me/e/20/e3q8)
2025-11-15 18:09:04,311 - db_tools.manager ERROR    MainProcess: hupaa_ufal - Failed: (psycopg2.OperationalError) connection to server at "10.46.0.79", port 6544 failed: Network is unreachable
	Is the server running on that host and accepting TCP/IP connections?

(Background on this error at: https://sqlalche.me/e/20/e3q8)
2025-11-15 18:09:04,311 - db_tools.manager ERROR    MainProcess: hc_ufpe - Failed: (psycopg2.OperationalError) connection to server at "10.34.0.63", port 6544 failed: Network is unreachable
	Is the server running on that host and accepting TCP/IP connections?

(Background on this error at: https://sqlalche.me/e/20/e3q8)
2025-11-15 18:09:07,338 - db_tools.manager ERROR    MainProcess: mco_ufba - Failed: (psycopg2.OperationalError) connection to server at "172.17.86.100", port 6544 failed: No route to host
	Is the server running on that host and accepting TCP/IP connections?

(Background on this error at: https://sqlalche.me/e/20/e3q8)
2025-11-15 18:09:07,339 - db_tools.manager ERROR    MainProcess: hugg_unirio - Failed: (psycopg2.OperationalError) connection to server at "172.17.86.103", port 6544 failed: No route to host
	Is the server running on that host and accepting TCP/IP connections?

(Background on this error at: https://sqlalche.me/e/20/e3q8)
2025-11-15 18:09:07,370 - db_tools.manager ERROR    MainProcess: hu_unifap - Failed: (psycopg2.OperationalError) connection to server at "172.17.83.14", port 6544 failed: No route to host
	Is the server running on that host and accepting TCP/IP connections?

(Background on this error at: https://sqlalche.me/e/20/e3q8)
2025-11-15 18:09:07,371 - db_tools.manager ERROR    MainProcess: hu_ufjf - Failed: (psycopg2.OperationalError) connection to server at "172.17.86.105", port 6544 failed: No route to host
	Is the server running on that host and accepting TCP/IP connections?

(Background on this error at: https://sqlalche.me/e/20/e3q8)
2025-11-15 18:21:05,931 - db_tools.manager ERROR    MainProcess: mco_ufba - Failed: (psycopg2.OperationalError) connection to server at "172.17.86.100", port 6544 failed: No route to host
	Is the server running on that host and accepting TCP/IP connections?

(Background on this error at: https://sqlalche.me/e/20/e3q8)
2025-11-15 18:21:05,934 - db_tools.manager ERROR    MainProcess: hubfs_ufpa - Failed: (psycopg2.OperationalError) connection to server at "10.80.1.21", port 6544 failed: Network is unreachable
	Is the server running on that host and accepting TCP/IP connections?

(Background on this error at: https://sqlalche.me/e/20/e3q8)
2025-11-15 18:21:05,935 - db_tools.manager ERROR    MainProcess: hucam_ufes - Failed: (psycopg2.OperationalError) connection to server at "10.5.17.248", port 6544 failed: Network is unreachable
	Is the server running on that host and accepting TCP/IP connections?

(Background on this error at: https://sqlalche.me/e/20/e3q8)
2025-11-15 18:21:05,935 - db_tools.manager ERROR    MainProcess: hupes_ufba - Failed: (psycopg2.OperationalError) connection to server at "10.14.0.52", port 6544 failed: Network is unreachable
	Is the server running on that host and accepting TCP/IP connections?

(Background on this error at: https://sqlalche.me/e/20/e3q8)
2025-11-15 18:21:09,002 - db_tools.manager ERROR    MainProcess: hugg_unirio - Failed: (psycopg2.OperationalError) connection to server at "172.17.86.103", port 6544 failed: No route to host
	Is the server running on that host and accepting TCP/IP connections?

(Background on this error at: https://sqlalche.me/e/20/e3q8)
2025-11-15 18:21:09,003 - db_tools.manager ERROR    MainProcess: hu_ufs - Failed: (psycopg2.OperationalError) connection to server at "10.20.17.16", port 6544 failed: Network is unreachable
	Is the server running on that host and accepting TCP/IP connections?

(Background on this error at: https://sqlalche.me/e/20/e3q8)
2025-11-15 18:21:09,005 - db_tools.manager ERROR    MainProcess: hu_ufscar - Failed: (psycopg2.OperationalError) connection to server at "10.90.12.43", port 6544 failed: Network is unreachable
	Is the server running on that host and accepting TCP/IP connections?

(Background on this error at: https://sqlalche.me/e/20/e3q8)
2025-11-15 18:21:09,006 - db_tools.manager ERROR    MainProcess: hucff_ufrj - Failed: (psycopg2.OperationalError) connection to server at "10.141.0.120", port 5432 failed: Network is unreachable
	Is the server running on that host and accepting TCP/IP connections?

(Background on this error at: https://sqlalche.me/e/20/e3q8)
2025-11-15 18:21:09,007 - db_tools.manager ERROR    MainProcess: huac_ufcg - Failed: (psycopg2.OperationalError) connection to server at "10.64.2.163", port 6544 failed: Network is unreachable
	Is the server running on that host and accepting TCP/IP connections?

(Background on this error at: https://sqlalche.me/e/20/e3q8)
2025-11-15 18:21:09,007 - db_tools.manager ERROR    MainProcess: meac_ufc - Failed: (psycopg2.OperationalError) connection to server at "10.28.1.73", port 6544 failed: Network is unreachable
	Is the server running on that host and accepting TCP/IP connections?

(Background on this error at: https://sqlalche.me/e/20/e3q8)
2025-11-15 18:21:09,008 - db_tools.manager ERROR    MainProcess: hu_ufsc - Failed: (psycopg2.OperationalError) connection to server at "10.94.61.162", port 6544 failed: Network is unreachable
	Is the server running on that host and accepting TCP/IP connections?

(Background on this error at: https://sqlalche.me/e/20/e3q8)
2025-11-15 18:21:09,008 - db_tools.manager ERROR    MainProcess: hulw_ufpb - Failed: (psycopg2.OperationalError) connection to server at "10.40.2.44", port 6544 failed: Network is unreachable
	Is the server running on that host and accepting TCP/IP connections?

(Background on this error at: https://sqlalche.me/e/20/e3q8)
2025-11-15 18:21:09,008 - db_tools.manager ERROR    MainProcess: hc_ufg - Failed: (psycopg2.OperationalError) connection to server at "10.50.0.47", port 6544 failed: Network is unreachable
	Is the server running on that host and accepting TCP/IP connections?

(Background on this error at: https://sqlalche.me/e/20/e3q8)
2025-11-15 18:21:09,008 - db_tools.manager ERROR    MainProcess: hub_unb - Failed: (psycopg2.OperationalError) connection to server at "10.6.0.151", port 6544 failed: Network is unreachable
	Is the server running on that host and accepting TCP/IP connections?

(Background on this error at: https://sqlalche.me/e/20/e3q8)
2025-11-15 18:21:09,009 - db_tools.manager ERROR    MainProcess: hul_ufs - Failed: (psycopg2.OperationalError) connection to server at "10.8.3.122", port 6544 failed: Network is unreachable
	Is the server running on that host and accepting TCP/IP connections?

(Background on this error at: https://sqlalche.me/e/20/e3q8)
2025-11-15 18:21:09,009 - db_tools.manager ERROR    MainProcess: ippmg_ufrj - Failed: (psycopg2.OperationalError) connection to server at "10.142.0.246", port 5432 failed: Network is unreachable
	Is the server running on that host and accepting TCP/IP connections?

(Background on this error at: https://sqlalche.me/e/20/e3q8)
2025-11-15 18:21:09,010 - db_tools.manager ERROR    MainProcess: hu_furg - Failed: (psycopg2.OperationalError) connection to server at "10.132.128.61", port 6544 failed: Network is unreachable
	Is the server running on that host and accepting TCP/IP connections?

(Background on this error at: https://sqlalche.me/e/20/e3q8)
2025-11-15 18:21:09,010 - db_tools.manager ERROR    MainProcess: hu_ufpi - Failed: (psycopg2.OperationalError) connection to server at "10.52.92.10", port 6544 failed: Network is unreachable
	Is the server running on that host and accepting TCP/IP connections?

(Background on this error at: https://sqlalche.me/e/20/e3q8)
2025-11-15 18:21:09,011 - db_tools.manager ERROR    MainProcess: huab_ufrn - Failed: (psycopg2.OperationalError) connection to server at "10.30.2.15", port 6544 failed: Network is unreachable
	Is the server running on that host and accepting TCP/IP connections?

(Background on this error at: https://sqlalche.me/e/20/e3q8)
2025-11-15 18:21:09,012 - db_tools.manager ERROR    MainProcess: hujb_ufcg - Failed: (psycopg2.OperationalError) connection to server at "10.66.1.12", port 6544 failed: Network is unreachable
	Is the server running on that host and accepting TCP/IP connections?

(Background on this error at: https://sqlalche.me/e/20/e3q8)
2025-11-15 18:21:09,012 - db_tools.manager ERROR    MainProcess: hc_ufpr - Failed: (psycopg2.OperationalError) connection to server at "10.58.0.73", port 5432 failed: Network is unreachable
	Is the server running on that host and accepting TCP/IP connections?

(Background on this error at: https://sqlalche.me/e/20/e3q8)
2025-11-15 18:21:09,012 - db_tools.manager ERROR    MainProcess: me_ufrj - Failed: (psycopg2.OperationalError) connection to server at "10.143.0.29", port 5432 failed: Network is unreachable
	Is the server running on that host and accepting TCP/IP connections?

(Background on this error at: https://sqlalche.me/e/20/e3q8)
2025-11-15 18:21:09,013 - db_tools.manager ERROR    MainProcess: hdt_uft - Failed: (psycopg2.OperationalError) connection to server at "10.98.0.100", port 6544 failed: Network is unreachable
	Is the server running on that host and accepting TCP/IP connections?

(Background on this error at: https://sqlalche.me/e/20/e3q8)
2025-11-15 18:21:09,013 - db_tools.manager ERROR    MainProcess: hc_uftm - Failed: (psycopg2.OperationalError) connection to server at "10.4.8.14", port 6544 failed: Network is unreachable
	Is the server running on that host and accepting TCP/IP connections?

(Background on this error at: https://sqlalche.me/e/20/e3q8)
2025-11-15 18:21:09,014 - db_tools.manager ERROR    MainProcess: hu_ufrr - Failed: (psycopg2.OperationalError) connection to server at "10.72.0.29", port 5432 failed: Network is unreachable
	Is the server running on that host and accepting TCP/IP connections?

(Background on this error at: https://sqlalche.me/e/20/e3q8)
2025-11-15 18:21:09,015 - db_tools.manager ERROR    MainProcess: hujbb_ufpa - Failed: (psycopg2.OperationalError) connection to server at "10.206.3.130", port 6544 failed: Network is unreachable
	Is the server running on that host and accepting TCP/IP connections?

(Background on this error at: https://sqlalche.me/e/20/e3q8)
2025-11-15 18:21:09,015 - db_tools.manager ERROR    MainProcess: huwc_ufc - Failed: (psycopg2.OperationalError) connection to server at "10.28.1.53", port 6544 failed: Network is unreachable
	Is the server running on that host and accepting TCP/IP connections?

(Background on this error at: https://sqlalche.me/e/20/e3q8)
2025-11-15 18:21:09,015 - db_tools.manager ERROR    MainProcess: hugv_ufam - Failed: (psycopg2.OperationalError) connection to server at "10.53.2.214", port 5432 failed: Network is unreachable
	Is the server running on that host and accepting TCP/IP connections?

(Background on this error at: https://sqlalche.me/e/20/e3q8)
2025-11-15 18:21:09,016 - db_tools.manager ERROR    MainProcess: husm_ufsm - Failed: (psycopg2.OperationalError) connection to server at "10.60.1.21", port 6544 failed: Network is unreachable
	Is the server running on that host and accepting TCP/IP connections?

(Background on this error at: https://sqlalche.me/e/20/e3q8)
2025-11-15 18:21:09,016 - db_tools.manager ERROR    MainProcess: he_ufpel - Failed: (psycopg2.OperationalError) connection to server at "10.100.1.21", port 6544 failed: Network is unreachable
	Is the server running on that host and accepting TCP/IP connections?

(Background on this error at: https://sqlalche.me/e/20/e3q8)
2025-11-15 18:21:09,016 - db_tools.manager ERROR    MainProcess: hc_ufu - Failed: (psycopg2.OperationalError) connection to server at "10.92.1.19", port 6544 failed: Network is unreachable
	Is the server running on that host and accepting TCP/IP connections?

(Background on this error at: https://sqlalche.me/e/20/e3q8)
2025-11-15 18:21:09,017 - db_tools.manager ERROR    MainProcess: hc_ufmg - Failed: (psycopg2.OperationalError) connection to server at "10.36.2.7", port 6544 failed: Network is unreachable
	Is the server running on that host and accepting TCP/IP connections?

(Background on this error at: https://sqlalche.me/e/20/e3q8)
2025-11-15 18:21:09,017 - db_tools.manager ERROR    MainProcess: hujm_ufmt - Failed: (psycopg2.OperationalError) connection to server at "10.24.17.127", port 6544 failed: Network is unreachable
	Is the server running on that host and accepting TCP/IP connections?

(Background on this error at: https://sqlalche.me/e/20/e3q8)
2025-11-15 18:21:12,074 - db_tools.manager ERROR    MainProcess: hu_ufjf - Failed: (psycopg2.OperationalError) connection to server at "172.17.86.105", port 6544 failed: No route to host
	Is the server running on that host and accepting TCP/IP connections?

(Background on this error at: https://sqlalche.me/e/20/e3q8)
2025-11-15 18:21:12,075 - db_tools.manager ERROR    MainProcess: huol_ufrn - Failed: (psycopg2.OperationalError) connection to server at "10.26.1.234", port 6544 failed: Network is unreachable
	Is the server running on that host and accepting TCP/IP connections?

(Background on this error at: https://sqlalche.me/e/20/e3q8)
2025-11-15 18:21:12,076 - db_tools.manager ERROR    MainProcess: hu_univasf - Failed: (psycopg2.OperationalError) connection to server at "10.44.2.183", port 6544 failed: Network is unreachable
	Is the server running on that host and accepting TCP/IP connections?

(Background on this error at: https://sqlalche.me/e/20/e3q8)
2025-11-15 18:21:12,077 - db_tools.manager ERROR    MainProcess: hu_ufgd - Failed: (psycopg2.OperationalError) connection to server at "10.18.0.34", port 6544 failed: Network is unreachable
	Is the server running on that host and accepting TCP/IP connections?

(Background on this error at: https://sqlalche.me/e/20/e3q8)
2025-11-15 18:21:12,078 - db_tools.manager ERROR    MainProcess: huap_uff - Failed: (psycopg2.OperationalError) connection to server at "10.88.1.245", port 6544 failed: Network is unreachable
	Is the server running on that host and accepting TCP/IP connections?

(Background on this error at: https://sqlalche.me/e/20/e3q8)
2025-11-15 18:21:15,146 - db_tools.manager ERROR    MainProcess: hu_unifap - Failed: (psycopg2.OperationalError) connection to server at "172.17.83.14", port 6544 failed: No route to host
	Is the server running on that host and accepting TCP/IP connections?

(Background on this error at: https://sqlalche.me/e/20/e3q8)
2025-11-15 18:21:15,147 - db_tools.manager ERROR    MainProcess: hu_ufma - Failed: (psycopg2.OperationalError) connection to server at "10.16.1.21", port 6544 failed: Network is unreachable
	Is the server running on that host and accepting TCP/IP connections?

(Background on this error at: https://sqlalche.me/e/20/e3q8)
2025-11-15 18:21:15,148 - db_tools.manager ERROR    MainProcess: mejc_ufrn - Failed: (psycopg2.OperationalError) connection to server at "10.12.1.68", port 6544 failed: Network is unreachable
	Is the server running on that host and accepting TCP/IP connections?

(Background on this error at: https://sqlalche.me/e/20/e3q8)
2025-11-15 18:21:15,149 - db_tools.manager ERROR    MainProcess: humap_ufms - Failed: (psycopg2.OperationalError) connection to server at "10.42.1.13", port 6544 failed: Network is unreachable
	Is the server running on that host and accepting TCP/IP connections?

(Background on this error at: https://sqlalche.me/e/20/e3q8)
2025-11-15 18:21:15,150 - db_tools.manager ERROR    MainProcess: hupaa_ufal - Failed: (psycopg2.OperationalError) connection to server at "10.46.0.79", port 6544 failed: Network is unreachable
	Is the server running on that host and accepting TCP/IP connections?

(Background on this error at: https://sqlalche.me/e/20/e3q8)
2025-11-15 18:21:15,151 - db_tools.manager ERROR    MainProcess: hc_ufpe - Failed: (psycopg2.OperationalError) connection to server at "10.34.0.63", port 6544 failed: Network is unreachable
	Is the server running on that host and accepting TCP/IP connections?

(Background on this error at: https://sqlalche.me/e/20/e3q8)
2025-11-15 18:21:15,153 - db_tools.manager ERROR    MainProcess: hubfs_ufpa - Failed: (psycopg2.OperationalError) connection to server at "10.80.1.21", port 6544 failed: Network is unreachable
	Is the server running on that host and accepting TCP/IP connections?

(Background on this error at: https://sqlalche.me/e/20/e3q8)
2025-11-15 18:21:15,154 - db_tools.manager ERROR    MainProcess: hucam_ufes - Failed: (psycopg2.OperationalError) connection to server at "10.5.17.248", port 6544 failed: Network is unreachable
	Is the server running on that host and accepting TCP/IP connections?

(Background on this error at: https://sqlalche.me/e/20/e3q8)
2025-11-15 18:21:15,155 - db_tools.manager ERROR    MainProcess: hupes_ufba - Failed: (psycopg2.OperationalError) connection to server at "10.14.0.52", port 6544 failed: Network is unreachable
	Is the server running on that host and accepting TCP/IP connections?

(Background on this error at: https://sqlalche.me/e/20/e3q8)
2025-11-15 18:21:15,157 - db_tools.manager ERROR    MainProcess: hu_ufs - Failed: (psycopg2.OperationalError) connection to server at "10.20.17.16", port 6544 failed: Network is unreachable
	Is the server running on that host and accepting TCP/IP connections?

(Background on this error at: https://sqlalche.me/e/20/e3q8)
2025-11-15 18:21:15,158 - db_tools.manager ERROR    MainProcess: hu_ufscar - Failed: (psycopg2.OperationalError) connection to server at "10.90.12.43", port 6544 failed: Network is unreachable
	Is the server running on that host and accepting TCP/IP connections?

(Background on this error at: https://sqlalche.me/e/20/e3q8)
2025-11-15 18:21:15,159 - db_tools.manager ERROR    MainProcess: hucff_ufrj - Failed: (psycopg2.OperationalError) connection to server at "10.141.0.120", port 5432 failed: Network is unreachable
	Is the server running on that host and accepting TCP/IP connections?

(Background on this error at: https://sqlalche.me/e/20/e3q8)
2025-11-15 18:21:15,161 - db_tools.manager ERROR    MainProcess: huac_ufcg - Failed: (psycopg2.OperationalError) connection to server at "10.64.2.163", port 6544 failed: Network is unreachable
	Is the server running on that host and accepting TCP/IP connections?

(Background on this error at: https://sqlalche.me/e/20/e3q8)
2025-11-15 18:21:15,162 - db_tools.manager ERROR    MainProcess: hu_ufsc - Failed: (psycopg2.OperationalError) connection to server at "10.94.61.162", port 6544 failed: Network is unreachable
	Is the server running on that host and accepting TCP/IP connections?

(Background on this error at: https://sqlalche.me/e/20/e3q8)
2025-11-15 18:21:15,162 - db_tools.manager ERROR    MainProcess: meac_ufc - Failed: (psycopg2.OperationalError) connection to server at "10.28.1.73", port 6544 failed: Network is unreachable
	Is the server running on that host and accepting TCP/IP connections?

(Background on this error at: https://sqlalche.me/e/20/e3q8)
2025-11-15 18:21:15,163 - db_tools.manager ERROR    MainProcess: hc_ufg - Failed: (psycopg2.OperationalError) connection to server at "10.50.0.47", port 6544 failed: Network is unreachable
	Is the server running on that host and accepting TCP/IP connections?

(Background on this error at: https://sqlalche.me/e/20/e3q8)
2025-11-15 18:21:15,163 - db_tools.manager ERROR    MainProcess: hulw_ufpb - Failed: (psycopg2.OperationalError) connection to server at "10.40.2.44", port 6544 failed: Network is unreachable
	Is the server running on that host and accepting TCP/IP connections?

(Background on this error at: https://sqlalche.me/e/20/e3q8)
2025-11-15 18:21:15,163 - db_tools.manager ERROR    MainProcess: hub_unb - Failed: (psycopg2.OperationalError) connection to server at "10.6.0.151", port 6544 failed: Network is unreachable
	Is the server running on that host and accepting TCP/IP connections?

(Background on this error at: https://sqlalche.me/e/20/e3q8)
2025-11-15 18:21:15,165 - db_tools.manager ERROR    MainProcess: ippmg_ufrj - Failed: (psycopg2.OperationalError) connection to server at "10.142.0.246", port 5432 failed: Network is unreachable
	Is the server running on that host and accepting TCP/IP connections?

(Background on this error at: https://sqlalche.me/e/20/e3q8)
2025-11-15 18:21:15,166 - db_tools.manager ERROR    MainProcess: hu_ufpi - Failed: (psycopg2.OperationalError) connection to server at "10.52.92.10", port 6544 failed: Network is unreachable
	Is the server running on that host and accepting TCP/IP connections?

(Background on this error at: https://sqlalche.me/e/20/e3q8)
2025-11-15 18:21:15,167 - db_tools.manager ERROR    MainProcess: hul_ufs - Failed: (psycopg2.OperationalError) connection to server at "10.8.3.122", port 6544 failed: Network is unreachable
	Is the server running on that host and accepting TCP/IP connections?

(Background on this error at: https://sqlalche.me/e/20/e3q8)
2025-11-15 18:21:15,167 - db_tools.manager ERROR    MainProcess: hu_furg - Failed: (psycopg2.OperationalError) connection to server at "10.132.128.61", port 6544 failed: Network is unreachable
	Is the server running on that host and accepting TCP/IP connections?

(Background on this error at: https://sqlalche.me/e/20/e3q8)
2025-11-15 18:21:15,168 - db_tools.manager ERROR    MainProcess: huab_ufrn - Failed: (psycopg2.OperationalError) connection to server at "10.30.2.15", port 6544 failed: Network is unreachable
	Is the server running on that host and accepting TCP/IP connections?

(Background on this error at: https://sqlalche.me/e/20/e3q8)
2025-11-15 18:21:15,168 - db_tools.manager ERROR    MainProcess: hujb_ufcg - Failed: (psycopg2.OperationalError) connection to server at "10.66.1.12", port 6544 failed: Network is unreachable
	Is the server running on that host and accepting TCP/IP connections?

(Background on this error at: https://sqlalche.me/e/20/e3q8)
2025-11-15 18:21:15,169 - db_tools.manager ERROR    MainProcess: hc_ufpr - Failed: (psycopg2.OperationalError) connection to server at "10.58.0.73", port 5432 failed: Network is unreachable
	Is the server running on that host and accepting TCP/IP connections?

(Background on this error at: https://sqlalche.me/e/20/e3q8)
2025-11-15 18:21:15,169 - db_tools.manager ERROR    MainProcess: me_ufrj - Failed: (psycopg2.OperationalError) connection to server at "10.143.0.29", port 5432 failed: Network is unreachable
	Is the server running on that host and accepting TCP/IP connections?

(Background on this error at: https://sqlalche.me/e/20/e3q8)
2025-11-15 18:21:15,170 - db_tools.manager ERROR    MainProcess: hdt_uft - Failed: (psycopg2.OperationalError) connection to server at "10.98.0.100", port 6544 failed: Network is unreachable
	Is the server running on that host and accepting TCP/IP connections?

(Background on this error at: https://sqlalche.me/e/20/e3q8)
2025-11-15 18:21:15,171 - db_tools.manager ERROR    MainProcess: hc_uftm - Failed: (psycopg2.OperationalError) connection to server at "10.4.8.14", port 6544 failed: Network is unreachable
	Is the server running on that host and accepting TCP/IP connections?

(Background on this error at: https://sqlalche.me/e/20/e3q8)
2025-11-15 18:21:15,172 - db_tools.manager ERROR    MainProcess: hu_ufrr - Failed: (psycopg2.OperationalError) connection to server at "10.72.0.29", port 5432 failed: Network is unreachable
	Is the server running on that host and accepting TCP/IP connections?

(Background on this error at: https://sqlalche.me/e/20/e3q8)
2025-11-15 18:21:15,172 - db_tools.manager ERROR    MainProcess: hujbb_ufpa - Failed: (psycopg2.OperationalError) connection to server at "10.206.3.130", port 6544 failed: Network is unreachable
	Is the server running on that host and accepting TCP/IP connections?

(Background on this error at: https://sqlalche.me/e/20/e3q8)
2025-11-15 18:21:15,173 - db_tools.manager ERROR    MainProcess: huwc_ufc - Failed: (psycopg2.OperationalError) connection to server at "10.28.1.53", port 6544 failed: Network is unreachable
	Is the server running on that host and accepting TCP/IP connections?

(Background on this error at: https://sqlalche.me/e/20/e3q8)
2025-11-15 18:21:15,173 - db_tools.manager ERROR    MainProcess: hugv_ufam - Failed: (psycopg2.OperationalError) connection to server at "10.53.2.214", port 5432 failed: Network is unreachable
	Is the server running on that host and accepting TCP/IP connections?

(Background on this error at: https://sqlalche.me/e/20/e3q8)
2025-11-15 18:21:15,174 - db_tools.manager ERROR    MainProcess: husm_ufsm - Failed: (psycopg2.OperationalError) connection to server at "10.60.1.21", port 6544 failed: Network is unreachable
	Is the server running on that host and accepting TCP/IP connections?

(Background on this error at: https://sqlalche.me/e/20/e3q8)
2025-11-15 18:21:15,175 - db_tools.manager ERROR    MainProcess: he_ufpel - Failed: (psycopg2.OperationalError) connection to server at "10.100.1.21", port 6544 failed: Network is unreachable
	Is the server running on that host and accepting TCP/IP connections?

(Background on this error at: https://sqlalche.me/e/20/e3q8)
2025-11-15 18:21:15,175 - db_tools.manager ERROR    MainProcess: hc_ufu - Failed: (psycopg2.OperationalError) connection to server at "10.92.1.19", port 6544 failed: Network is unreachable
	Is the server running on that host and accepting TCP/IP connections?

(Background on this error at: https://sqlalche.me/e/20/e3q8)
2025-11-15 18:21:15,175 - db_tools.manager ERROR    MainProcess: hc_ufmg - Failed: (psycopg2.OperationalError) connection to server at "10.36.2.7", port 6544 failed: Network is unreachable
	Is the server running on that host and accepting TCP/IP connections?

(Background on this error at: https://sqlalche.me/e/20/e3q8)
2025-11-15 18:21:15,176 - db_tools.manager ERROR    MainProcess: hujm_ufmt - Failed: (psycopg2.OperationalError) connection to server at "10.24.17.127", port 6544 failed: Network is unreachable
	Is the server running on that host and accepting TCP/IP connections?

(Background on this error at: https://sqlalche.me/e/20/e3q8)
2025-11-15 18:21:15,177 - db_tools.manager ERROR    MainProcess: huol_ufrn - Failed: (psycopg2.OperationalError) connection to server at "10.26.1.234", port 6544 failed: Network is unreachable
	Is the server running on that host and accepting TCP/IP connections?

(Background on this error at: https://sqlalche.me/e/20/e3q8)
2025-11-15 18:21:15,178 - db_tools.manager ERROR    MainProcess: hu_univasf - Failed: (psycopg2.OperationalError) connection to server at "10.44.2.183", port 6544 failed: Network is unreachable
	Is the server running on that host and accepting TCP/IP connections?

(Background on this error at: https://sqlalche.me/e/20/e3q8)
2025-11-15 18:21:15,180 - db_tools.manager ERROR    MainProcess: hu_ufgd - Failed: (psycopg2.OperationalError) connection to server at "10.18.0.34", port 6544 failed: Network is unreachable
	Is the server running on that host and accepting TCP/IP connections?

(Background on this error at: https://sqlalche.me/e/20/e3q8)
2025-11-15 18:21:15,181 - db_tools.manager ERROR    MainProcess: huap_uff - Failed: (psycopg2.OperationalError) connection to server at "10.88.1.245", port 6544 failed: Network is unreachable
	Is the server running on that host and accepting TCP/IP connections?

(Background on this error at: https://sqlalche.me/e/20/e3q8)
2025-11-15 18:21:15,183 - db_tools.manager ERROR    MainProcess: hu_ufma - Failed: (psycopg2.OperationalError) connection to server at "10.16.1.21", port 6544 failed: Network is unreachable
	Is the server running on that host and accepting TCP/IP connections?

(Background on this error at: https://sqlalche.me/e/20/e3q8)
2025-11-15 18:21:15,184 - db_tools.manager ERROR    MainProcess: mejc_ufrn - Failed: (psycopg2.OperationalError) connection to server at "10.12.1.68", port 6544 failed: Network is unreachable
	Is the server running on that host and accepting TCP/IP connections?

(Background on this error at: https://sqlalche.me/e/20/e3q8)
2025-11-15 18:21:15,185 - db_tools.manager ERROR    MainProcess: humap_ufms - Failed: (psycopg2.OperationalError) connection to server at "10.42.1.13", port 6544 failed: Network is unreachable
	Is the server running on that host and accepting TCP/IP connections?

(Background on this error at: https://sqlalche.me/e/20/e3q8)
2025-11-15 18:21:15,185 - db_tools.manager ERROR    MainProcess: hupaa_ufal - Failed: (psycopg2.OperationalError) connection to server at "10.46.0.79", port 6544 failed: Network is unreachable
	Is the server running on that host and accepting TCP/IP connections?

(Background on this error at: https://sqlalche.me/e/20/e3q8)
2025-11-15 18:21:15,186 - db_tools.manager ERROR    MainProcess: hc_ufpe - Failed: (psycopg2.OperationalError) connection to server at "10.34.0.63", port 6544 failed: Network is unreachable
	Is the server running on that host and accepting TCP/IP connections?

(Background on this error at: https://sqlalche.me/e/20/e3q8)
2025-11-15 18:21:18,218 - db_tools.manager ERROR    MainProcess: mco_ufba - Failed: (psycopg2.OperationalError) connection to server at "172.17.86.100", port 6544 failed: No route to host
	Is the server running on that host and accepting TCP/IP connections?

(Background on this error at: https://sqlalche.me/e/20/e3q8)
2025-11-15 18:21:18,219 - db_tools.manager ERROR    MainProcess: hugg_unirio - Failed: (psycopg2.OperationalError) connection to server at "172.17.86.103", port 6544 failed: No route to host
	Is the server running on that host and accepting TCP/IP connections?

(Background on this error at: https://sqlalche.me/e/20/e3q8)
2025-11-15 18:21:18,250 - db_tools.manager ERROR    MainProcess: hu_unifap - Failed: (psycopg2.OperationalError) connection to server at "172.17.83.14", port 6544 failed: No route to host
	Is the server running on that host and accepting TCP/IP connections?

(Background on this error at: https://sqlalche.me/e/20/e3q8)
2025-11-15 18:21:18,250 - db_tools.manager ERROR    MainProcess: hu_ufjf - Failed: (psycopg2.OperationalError) connection to server at "172.17.86.105", port 6544 failed: No route to host
	Is the server running on that host and accepting TCP/IP connections?

(Background on this error at: https://sqlalche.me/e/20/e3q8)
